Arguments: 
  /Users/yuche/.fnm/node-versions/v14.18.2/installation/bin/node /var/folders/fp/9fj83dn53nbb_0lq4rxqx_9c0000gn/T/fnm_multishell_74027_1641802520843/bin/yarn add @nervina-labs/flashsigner-sdk

PATH: 
  /var/folders/fp/9fj83dn53nbb_0lq4rxqx_9c0000gn/T/fnm_multishell_74027_1641802520843/bin:/Users/yuche/.fnm:/usr/local/opt/python@3.8/bin:/usr/local/opt/gettext/bin:/Users/yuche/Developer/flutter/bin:/Users/yuche/.cargo/bin:/usr/local/bin:/usr/bin:/bin:/usr/sbin:/sbin:/usr/local/go/bin:/Library/Apple/usr/bin:/var/folders/fp/9fj83dn53nbb_0lq4rxqx_9c0000gn/T/fnm_multishell_2064_1641780217980/bin:/Users/yuche/.fnm:/usr/local/opt/python@3.8/bin:/usr/local/opt/gettext/bin:/Users/yuche/Developer/flutter/bin:/Users/yuche/.cargo/bin:/usr/local/opt/fzf/bin

Yarn version: 
  1.22.17

Node version: 
  14.18.2

Platform: 
  darwin x64

Trace: 
  Error: https://registry.yarnpkg.com/@nervina-labs%2fflashsigner-sdk: Not found
      at Request.params.callback [as _callback] (/Users/yuche/.fnm/node-versions/v14.18.2/installation/lib/node_modules/yarn/lib/cli.js:67029:18)
      at Request.self.callback (/Users/yuche/.fnm/node-versions/v14.18.2/installation/lib/node_modules/yarn/lib/cli.js:140883:22)
      at Request.emit (events.js:400:28)
      at Request.<anonymous> (/Users/yuche/.fnm/node-versions/v14.18.2/installation/lib/node_modules/yarn/lib/cli.js:141855:10)
      at Request.emit (events.js:400:28)
      at IncomingMessage.<anonymous> (/Users/yuche/.fnm/node-versions/v14.18.2/installation/lib/node_modules/yarn/lib/cli.js:141777:12)
      at Object.onceWrapper (events.js:519:28)
      at IncomingMessage.emit (events.js:412:35)
      at endReadableNT (internal/streams/readable.js:1334:12)
      at processTicksAndRejections (internal/process/task_queues.js:82:21)

npm manifest: 
  {
    "name": "flashsigner-demo",
    "version": "0.0.0",
    "scripts": {
      "dev": "vite",
      "build": "tsc && vite build",
      "preview": "vite preview"
    },
    "dependencies": {
      "react": "^17.0.2",
      "react-dom": "^17.0.2"
    },
    "devDependencies": {
      "@types/react": "^17.0.33",
      "@types/react-dom": "^17.0.10",
      "@vitejs/plugin-react": "^1.0.7",
      "typescript": "^4.4.4",
      "vite": "^2.7.2"
    }
  }

yarn manifest: 
  No manifest

Lockfile: 
  No lockfile
